<?xml version="1.0" encoding="UTF-8"?>
<testng-results ignored="0" total="4" passed="3" failed="1" skipped="0">
  <reporter-output>
  </reporter-output>
  <suite started-at="2024-05-27T08:31:45Z" name="Default suite" finished-at="2024-05-27T08:35:36Z" duration-ms="231426">
    <groups>
    </groups>
    <test started-at="2024-05-27T08:31:45Z" name="Default test" finished-at="2024-05-27T08:35:36Z" duration-ms="231426">
      <class name="com.similrz.Execution">
        <test-method is-config="true" signature="beforeTest()[pri:0, instance:com.similrz.Execution@46b61c56]" started-at="2024-05-27T08:31:45Z" name="beforeTest" finished-at="2024-05-27T08:32:03Z" duration-ms="18084" status="PASS">
          <reporter-output>
          </reporter-output>
        </test-method> <!-- beforeTest -->
        <test-method signature="login()[pri:0, instance:com.similrz.Execution@46b61c56]" started-at="2024-05-27T08:32:03Z" name="login" finished-at="2024-05-27T08:32:23Z" duration-ms="20006" status="PASS">
          <reporter-output>
          </reporter-output>
        </test-method> <!-- login -->
        <test-method signature="post()[pri:1, instance:com.similrz.Execution@46b61c56]" started-at="2024-05-27T08:32:23Z" name="post" finished-at="2024-05-27T08:33:10Z" duration-ms="47050" status="PASS">
          <reporter-output>
          </reporter-output>
        </test-method> <!-- post -->
        <test-method signature="chat()[pri:2, instance:com.similrz.Execution@46b61c56]" started-at="2024-05-27T08:33:10Z" name="chat" finished-at="2024-05-27T08:35:20Z" duration-ms="130570" status="PASS">
          <reporter-output>
          </reporter-output>
        </test-method> <!-- chat -->
        <test-method signature="profileEdit()[pri:3, instance:com.similrz.Execution@46b61c56]" started-at="2024-05-27T08:35:20Z" name="profileEdit" finished-at="2024-05-27T08:35:36Z" duration-ms="15687" status="FAIL">
          <exception class="org.openqa.selenium.NoSuchElementException">
            <message>
              <![CDATA[An element could not be located on the page using the given search parameters.
For documentation on this error, please visit: https://www.selenium.dev/documentation/webdriver/troubleshooting/errors#no-such-element-exception
Build info: version: '4.13.0', revision: 'ba948ece5b*'
System info: os.name: 'Windows 10', os.arch: 'amd64', os.version: '10.0', java.version: '18.0.2'
Driver info: io.appium.java_client.android.AndroidDriver
Command: [1deb2cea-aa8b-4fbd-81d9-1207dce45e45, findElement {using=xpath, value=//android.widget.EditText[@text="Test"]}]
Capabilities {appium:app: D:\Documents\TIS(Trust Inde..., appium:appPackage: com.excelencia.similariz, appium:automationName: Appium, appium:databaseEnabled: false, appium:desired: {app: D:\Documents\TIS(Trust Inde..., automationName: Appium, deviceName: RFCR90JBNJV, platformName: ANDROID, platformVersion: 13.0}, appium:deviceApiLevel: 33, appium:deviceManufacturer: samsung, appium:deviceModel: SM-M526B, appium:deviceName: RFCR90JBNJV, appium:deviceScreenDensity: 420, appium:deviceScreenSize: 1080x2400, appium:deviceUDID: RFCR90JBNJV, appium:javascriptEnabled: true, appium:locationContextEnabled: false, appium:networkConnectionEnabled: true, appium:pixelRatio: 2.625, appium:platformVersion: 13, appium:statBarHeight: 87, appium:takesScreenshot: true, appium:viewportRect: {height: 2097, left: 0, top: 87, width: 1080}, appium:warnings: {}, appium:webStorageEnabled: false, platformName: ANDROID}
Session ID: 1deb2cea-aa8b-4fbd-81d9-1207dce45e45]]>
            </message>
            <full-stacktrace>
              <![CDATA[org.openqa.selenium.NoSuchElementException: An element could not be located on the page using the given search parameters.
For documentation on this error, please visit: https://www.selenium.dev/documentation/webdriver/troubleshooting/errors#no-such-element-exception
Build info: version: '4.13.0', revision: 'ba948ece5b*'
System info: os.name: 'Windows 10', os.arch: 'amd64', os.version: '10.0', java.version: '18.0.2'
Driver info: io.appium.java_client.android.AndroidDriver
Command: [1deb2cea-aa8b-4fbd-81d9-1207dce45e45, findElement {using=xpath, value=//android.widget.EditText[@text="Test"]}]
Capabilities {appium:app: D:\Documents\TIS(Trust Inde..., appium:appPackage: com.excelencia.similariz, appium:automationName: Appium, appium:databaseEnabled: false, appium:desired: {app: D:\Documents\TIS(Trust Inde..., automationName: Appium, deviceName: RFCR90JBNJV, platformName: ANDROID, platformVersion: 13.0}, appium:deviceApiLevel: 33, appium:deviceManufacturer: samsung, appium:deviceModel: SM-M526B, appium:deviceName: RFCR90JBNJV, appium:deviceScreenDensity: 420, appium:deviceScreenSize: 1080x2400, appium:deviceUDID: RFCR90JBNJV, appium:javascriptEnabled: true, appium:locationContextEnabled: false, appium:networkConnectionEnabled: true, appium:pixelRatio: 2.625, appium:platformVersion: 13, appium:statBarHeight: 87, appium:takesScreenshot: true, appium:viewportRect: {height: 2097, left: 0, top: 87, width: 1080}, appium:warnings: {}, appium:webStorageEnabled: false, platformName: ANDROID}
Session ID: 1deb2cea-aa8b-4fbd-81d9-1207dce45e45
at java.base/jdk.internal.reflect.DirectConstructorHandleAccessor.newInstance(DirectConstructorHandleAccessor.java:67)
at java.base/java.lang.reflect.Constructor.newInstanceWithCaller(Constructor.java:499)
at java.base/java.lang.reflect.Constructor.newInstance(Constructor.java:483)
at org.openqa.selenium.remote.codec.w3c.W3CHttpResponseCodec.createException(W3CHttpResponseCodec.java:200)
at org.openqa.selenium.remote.codec.w3c.W3CHttpResponseCodec.decode(W3CHttpResponseCodec.java:133)
at org.openqa.selenium.remote.codec.w3c.W3CHttpResponseCodec.decode(W3CHttpResponseCodec.java:52)
at org.openqa.selenium.remote.HttpCommandExecutor.execute(HttpCommandExecutor.java:191)
at io.appium.java_client.remote.AppiumCommandExecutor.execute(AppiumCommandExecutor.java:262)
at org.openqa.selenium.remote.RemoteWebDriver.execute(RemoteWebDriver.java:602)
at org.openqa.selenium.remote.ElementLocation$ElementFinder$2.findElement(ElementLocation.java:165)
at org.openqa.selenium.remote.ElementLocation.findElement(ElementLocation.java:59)
at org.openqa.selenium.remote.RemoteWebDriver.findElement(RemoteWebDriver.java:359)
at org.openqa.selenium.remote.RemoteWebDriver.findElement(RemoteWebDriver.java:353)
at com.similrz.Genericmethod.getwebelement(Genericmethod.java:31)
at com.similrz.Baseclass.ClickFunctionality(Baseclass.java:77)
at com.similrz.ProfileEdit.EditProfile(ProfileEdit.java:24)
at com.similrz.Execution.profileEdit(Execution.java:47)
at java.base/jdk.internal.reflect.DirectMethodHandleAccessor.invoke(DirectMethodHandleAccessor.java:104)
at java.base/java.lang.reflect.Method.invoke(Method.java:577)
at org.testng.internal.MethodInvocationHelper.invokeMethod(MethodInvocationHelper.java:124)
at org.testng.internal.Invoker.invokeMethod(Invoker.java:583)
at org.testng.internal.Invoker.invokeTestMethod(Invoker.java:719)
at org.testng.internal.Invoker.invokeTestMethods(Invoker.java:989)
at org.testng.internal.TestMethodWorker.invokeTestMethods(TestMethodWorker.java:125)
at org.testng.internal.TestMethodWorker.run(TestMethodWorker.java:109)
at org.testng.TestRunner.privateRun(TestRunner.java:648)
at org.testng.TestRunner.run(TestRunner.java:505)
at org.testng.SuiteRunner.runTest(SuiteRunner.java:455)
at org.testng.SuiteRunner.runSequentially(SuiteRunner.java:450)
at org.testng.SuiteRunner.privateRun(SuiteRunner.java:415)
at org.testng.SuiteRunner.run(SuiteRunner.java:364)
at org.testng.SuiteRunnerWorker.runSuite(SuiteRunnerWorker.java:52)
at org.testng.SuiteRunnerWorker.run(SuiteRunnerWorker.java:84)
at org.testng.TestNG.runSuitesSequentially(TestNG.java:1208)
at org.testng.TestNG.runSuitesLocally(TestNG.java:1137)
at org.testng.TestNG.runSuites(TestNG.java:1049)
at org.testng.TestNG.run(TestNG.java:1017)
at org.testng.remote.AbstractRemoteTestNG.run(AbstractRemoteTestNG.java:115)
at org.testng.remote.RemoteTestNG.initAndRun(RemoteTestNG.java:293)
at org.testng.remote.RemoteTestNG.main(RemoteTestNG.java:91)
]]>
            </full-stacktrace>
          </exception> <!-- org.openqa.selenium.NoSuchElementException -->
          <reporter-output>
          </reporter-output>
        </test-method> <!-- profileEdit -->
      </class> <!-- com.similrz.Execution -->
    </test> <!-- Default test -->
  </suite> <!-- Default suite -->
</testng-results>
